This is pdfTeXk, Version 3.141592-1.40.3 (Web2C 7.5.6) (format=pdflatex 2008.11.3)  23 DEC 2008 07:48
entering extended mode
 %&-line parsing enabled.
**documentation
(./documentation.tex
LaTeX2e <2005/12/01>
Babel <v3.8h> and hyphenation patterns for english, usenglishmax, dumylang, noh
yphenation, croatian, ukrainian, russian, bulgarian, czech, slovak, danish, dut
ch, finnish, basque, french, german, ngerman, ibycus, greek, monogreek, ancient
greek, hungarian, italian, latin, mongolian, norsk, icelandic, interlingua, tur
kish, coptic, romanian, welsh, serbian, slovenian, estonian, esperanto, upperso
rbian, indonesian, polish, portuguese, spanish, catalan, galician, swedish, loa
ded.
(/usr/share/texmf-texlive/tex/latex/base/report.cls
Document Class: report 2005/09/16 v1.4f Standard LaTeX document class
(/usr/share/texmf-texlive/tex/latex/base/size10.clo
File: size10.clo 2005/09/16 v1.4f Standard LaTeX file (size option)
)
\c@part=\count79
\c@chapter=\count80
\c@section=\count81
\c@subsection=\count82
\c@subsubsection=\count83
\c@paragraph=\count84
\c@subparagraph=\count85
\c@figure=\count86
\c@table=\count87
\abovecaptionskip=\skip41
\belowcaptionskip=\skip42
\bibindent=\dimen102
)
(/usr/share/texmf-texlive/tex/latex/graphics/color.sty
Package: color 2005/11/14 v1.0j Standard LaTeX Color (DPC)

(/etc/texmf/tex/latex/config/color.cfg
File: color.cfg 2007/01/18 v1.5 color configuration of teTeX/TeXLive
)
Package color Info: Driver file: pdftex.def on input line 130.

(/usr/share/texmf-texlive/tex/latex/pdftex-def/pdftex.def
File: pdftex.def 2007/01/08 v0.04d Graphics/color for pdfTeX
\Gread@gobject=\count88
))
(/usr/share/texmf-texlive/tex/latex/hyperref/hyperref.sty
Package: hyperref 2007/02/07 v6.75r Hypertext links for LaTeX

(/usr/share/texmf-texlive/tex/latex/graphics/keyval.sty
Package: keyval 1999/03/16 v1.13 key=value parser (DPC)
\KV@toks@=\toks14
)
\@linkdim=\dimen103
\Hy@linkcounter=\count89
\Hy@pagecounter=\count90

(/usr/share/texmf-texlive/tex/latex/hyperref/pd1enc.def
File: pd1enc.def 2007/02/07 v6.75r Hyperref: PDFDocEncoding definition (HO)
)
(/etc/texmf/tex/latex/config/hyperref.cfg
File: hyperref.cfg 2002/06/06 v1.2 hyperref configuration of TeXLive
)
(/usr/share/texmf-texlive/tex/latex/oberdiek/kvoptions.sty
Package: kvoptions 2006/08/22 v2.4 Connects package keyval with LaTeX options (
HO)
)
Package hyperref Info: Hyper figures OFF on input line 2288.
Package hyperref Info: Link nesting OFF on input line 2293.
Package hyperref Info: Hyper index ON on input line 2296.
Package hyperref Info: Plain pages OFF on input line 2303.
Package hyperref Info: Backreferencing OFF on input line 2308.

Implicit mode ON; LaTeX internals redefined
Package hyperref Info: Bookmarks ON on input line 2444.
(/usr/share/texmf-texlive/tex/latex/ltxmisc/url.sty
\Urlmuskip=\muskip10
Package: url 2005/06/27  ver 3.2  Verb mode for urls, etc.
)
LaTeX Info: Redefining \url on input line 2599.
\Fld@menulength=\count91
\Field@Width=\dimen104
\Fld@charsize=\dimen105
\Choice@toks=\toks15
\Field@toks=\toks16
Package hyperref Info: Hyper figures OFF on input line 3102.
Package hyperref Info: Link nesting OFF on input line 3107.
Package hyperref Info: Hyper index ON on input line 3110.
Package hyperref Info: backreferencing OFF on input line 3117.
Package hyperref Info: Link coloring OFF on input line 3122.
\Hy@abspage=\count92
\c@Item=\count93
\c@Hfootnote=\count94
)
*hyperref using default driver hpdftex*
(/usr/share/texmf-texlive/tex/latex/hyperref/hpdftex.def
File: hpdftex.def 2007/02/07 v6.75r Hyperref driver for pdfTeX
\Fld@listcount=\count95
)
(/usr/share/texmf-texlive/tex/latex/base/makeidx.sty
Package: makeidx 2000/03/29 v1.0m Standard LaTeX package
)
\@indexfile=\write3
\openout3 = `documentation.idx'.


Writing index file documentation.idx
(./documentation.aux)
\openout1 = `documentation.aux'.

LaTeX Font Info:    Checking defaults for OML/cmm/m/it on input line 17.
LaTeX Font Info:    ... okay on input line 17.
LaTeX Font Info:    Checking defaults for T1/cmr/m/n on input line 17.
LaTeX Font Info:    ... okay on input line 17.
LaTeX Font Info:    Checking defaults for OT1/cmr/m/n on input line 17.
LaTeX Font Info:    ... okay on input line 17.
LaTeX Font Info:    Checking defaults for OMS/cmsy/m/n on input line 17.
LaTeX Font Info:    ... okay on input line 17.
LaTeX Font Info:    Checking defaults for OMX/cmex/m/n on input line 17.
LaTeX Font Info:    ... okay on input line 17.
LaTeX Font Info:    Checking defaults for U/cmr/m/n on input line 17.
LaTeX Font Info:    ... okay on input line 17.
LaTeX Font Info:    Checking defaults for PD1/pdf/m/n on input line 17.
LaTeX Font Info:    ... okay on input line 17.
Package hyperref Info: Link coloring OFF on input line 17.
 (/usr/share/texmf-texlive/tex/latex/hyperref/nameref.sty
Package: nameref 2006/12/27 v2.28 Cross-referencing by name of section

(/usr/share/texmf-texlive/tex/latex/oberdiek/refcount.sty
Package: refcount 2006/02/20 v3.0 Data extraction from references (HO)
)
\c@section@level=\count96
)
LaTeX Info: Redefining \ref on input line 17.
LaTeX Info: Redefining \pageref on input line 17.

(./documentation.out) (./documentation.out)
\@outlinefile=\write4
\openout4 = `documentation.out'.

 (./defun.tex
\@curtabmardimen=\dimen106
)
LaTeX Font Info:    External font `cmex10' loaded for size
(Font)              <12> on input line 23.
LaTeX Font Info:    External font `cmex10' loaded for size
(Font)              <8> on input line 23.
LaTeX Font Info:    External font `cmex10' loaded for size
(Font)              <6> on input line 23.


LaTeX Warning: No \author given.

[1

{/var/lib/texmf/fonts/map/pdftex/updmap/pdftex.map}] (./documentation.toc
LaTeX Font Info:    External font `cmex10' loaded for size
(Font)              <7> on input line 2.
LaTeX Font Info:    External font `cmex10' loaded for size
(Font)              <5> on input line 2.
)
\tf@toc=\write5
\openout5 = `documentation.toc'.

pdfTeX warning (ext4): destination with the same identifier (name{page.1}) has 
been already used, duplicate ignored
<to be read again> 
                   \relax 
l.25     \newpage
                  [1

]
Chapter 1.
LaTeX Font Info:    Try loading font information for OMS+cmr on input line 61.
(/usr/share/texmf-texlive/tex/latex/base/omscmr.fd
File: omscmr.fd 1999/05/25 v2.5h Standard LaTeX font definitions
)
LaTeX Font Info:    Font shape `OMS/cmr/m/n' in size <10> not available
(Font)              Font shape `OMS/cmsy/m/n' tried instead on input line 61.
 [2

]
Overfull \hbox (33.97618pt too wide) in paragraph at lines 114--116
[]\OT1/cmr/m/n/10 account-type --- The Google ac-count type. Must be one of\OT1
/cmtt/m/n/10 :google\OT1/cmr/m/n/10 , \OT1/cmtt/m/n/10 :hosted-or-google
 []

[3] [4] [5]
Overfull \hbox (29.44522pt too wide) in paragraph at lines 502--503
[]\OT1/cmr/m/n/10 common-lisp:simple-error[], []common-lisp:simple-condition[],
 []common-lisp:error[], []common-
 []


Overfull \hbox (6.05624pt too wide) in paragraph at lines 543--545
[][] \OT1/cmr/m/n/10 gdata-error [] , []common-lisp:simple-error[], []common-li
sp:simple-condition[], []common-
 []

[6]
Overfull \hbox (6.05624pt too wide) in paragraph at lines 651--653
[][] \OT1/cmr/m/n/10 gdata-error [] , []common-lisp:simple-error[], []common-li
sp:simple-condition[], []common-
 []

[7] [8] [9]
Chapter 2.
[10

] [11] [12] [13] (./documentation.ind [14]
Overfull \hbox (11.9162pt too wide) in paragraph at lines 3--5
[]\OT1/cmr/m/n/10 *print-picasa* \OT1/cmtt/m/n/10 *print-picasa* \OT1/cmr/m/n/1
0 vari-able,
 []


Overfull \hbox (5.49968pt too wide) in paragraph at lines 7--9
[]\OT1/cmr/m/n/10 +gdata-atom+ \OT1/cmtt/m/n/10 +gdata-atom+ \OT1/cmr/m/n/10 va
ri-able,
 []


Overfull \hbox (28.72154pt too wide) in paragraph at lines 9--11
[]\OT1/cmr/m/n/10 +gdata-bad-request+ \OT1/cmtt/m/n/10 +gdata-bad-request+
 []


Overfull \hbox (18.72166pt too wide) in paragraph at lines 11--13
[]\OT1/cmr/m/n/10 +gdata-conflict+ \OT1/cmtt/m/n/10 +gdata-conflict+ \OT1/cmr/m
/n/10 vari-
 []


Overfull \hbox (13.49947pt too wide) in paragraph at lines 13--15
[]\OT1/cmr/m/n/10 +gdata-created+ \OT1/cmtt/m/n/10 +gdata-created+ \OT1/cmr/m/n
/10 vari-
 []


Overfull \hbox (8.72166pt too wide) in paragraph at lines 15--17
[]\OT1/cmr/m/n/10 +gdata-forbidden+ \OT1/cmtt/m/n/10 +gdata-forbidden+
 []


Overfull \hbox (51.72142pt too wide) in paragraph at lines 17--19
[]\OT1/cmr/m/n/10 +gdata-internal-error+ \OT1/cmtt/m/n/10 +gdata-internal-error
+
 []


Overfull \hbox (9.80501pt too wide) in paragraph at lines 19--21
[]\OT1/cmr/m/n/10 +gdata-not-found+ \OT1/cmtt/m/n/10 +gdata-not-found+
 []


Overfull \hbox (38.33267pt too wide) in paragraph at lines 21--23
[]\OT1/cmr/m/n/10 +gdata-not-modified+ \OT1/cmtt/m/n/10 +gdata-not-modified+
 []


Overfull \hbox (40.30489pt too wide) in paragraph at lines 25--27
[]\OT1/cmr/m/n/10 +gdata-unauthorized+ \OT1/cmtt/m/n/10 +gdata-unauthorized+
 []


Overfull \hbox (4.94402pt too wide) in paragraph at lines 31--33
[]\OT1/cmr/m/n/10 authenticates \OT1/cmtt/m/n/10 authenticates \OT1/cmr/m/n/10 
func-tion,
 []


Overfull \hbox (12.27707pt too wide) in paragraph at lines 33--35
[]\OT1/cmr/m/n/10 check-account-type \OT1/cmtt/m/n/10 check-account-type
 []


Overfull \hbox (18.24925pt too wide) in paragraph at lines 39--41
[]\OT1/cmr/m/n/10 gdata-request-error \OT1/cmtt/m/n/10 gdata-request-error
 []


Overfull \hbox (87.69345pt too wide) in paragraph at lines 43--45
[]\OT1/cmr/m/n/10 gdata-service-account-type \OT1/cmtt/m/n/10 gdata-service-acc
ount-type
 []


Overfull \hbox (9.58266pt too wide) in paragraph at lines 45--47
[]\OT1/cmr/m/n/10 gdata-service-auth \OT1/cmtt/m/n/10 gdata-service-auth
 []


Overfull \hbox (18.16594pt too wide) in paragraph at lines 47--49
[]\OT1/cmr/m/n/10 gdata-service-email \OT1/cmtt/m/n/10 gdata-service-email
 []


Overfull \hbox (16.02702pt too wide) in paragraph at lines 49--51
[]\OT1/cmr/m/n/10 gdata-service-error \OT1/cmtt/m/n/10 gdata-service-error
 []


Overfull \hbox (50.44359pt too wide) in paragraph at lines 51--53
[]\OT1/cmr/m/n/10 gdata-service-password \OT1/cmtt/m/n/10 gdata-service-passwor
d
 []


Overfull \hbox (34.58249pt too wide) in paragraph at lines 53--55
[]\OT1/cmr/m/n/10 gdata-service-service \OT1/cmtt/m/n/10 gdata-service-service
 []


Overfull \hbox (27.38809pt too wide) in paragraph at lines 55--57
[]\OT1/cmr/m/n/10 gdata-service-source \OT1/cmtt/m/n/10 gdata-service-source
 []


Overfull \hbox (4.58272pt too wide) in paragraph at lines 61--63
[]\OT1/cmr/m/n/10 make-gdata-picasa \OT1/cmtt/m/n/10 make-gdata-picasa
 []

[15

]) (./documentation.aux) ) 
Here is how much of TeX's memory you used:
 2534 strings out of 94101
 36127 string characters out of 1165810
 88061 words of memory out of 1500000
 5796 multiletter control sequences out of 10000+50000
 9615 words of font info for 34 fonts, out of 1200000 for 2000
 637 hyphenation exceptions out of 8191
 25i,6n,36p,491b,390s stack positions out of 5000i,500n,6000p,200000b,5000s
</usr/share/texmf-texlive/fonts/type1/bluesky/cm/cmbx
10.pfb></usr/share/texmf-texlive/fonts/type1/bluesky/cm/cmbx12.pfb></usr/share/
texmf-texlive/fonts/type1/bluesky/cm/cmcsc10.pfb></usr/share/texmf-texlive/font
s/type1/bluesky/cm/cmr10.pfb></usr/share/texmf-texlive/fonts/type1/bluesky/cm/c
mr12.pfb></usr/share/texmf-texlive/fonts/type1/bluesky/cm/cmr17.pfb></usr/share
/texmf-texlive/fonts/type1/bluesky/cm/cmsy10.pfb></usr/share/texmf-texlive/font
s/type1/bluesky/cm/cmti10.pfb></usr/share/texmf-texlive/fonts/type1/bluesky/cm/
cmtt10.pfb>
Output written on documentation.pdf (16 pages, 100876 bytes).
PDF statistics:
 237 PDF objects out of 1000 (max. 8388607)
 25 named destinations out of 1000 (max. 131072)
 81 words of extra memory for PDF output out of 10000 (max. 10000000)

